{"message":"Request Error /favicon.ico - next is not a function","level":"error"}
{"message":"Request Error /favicon.ico - next is not a function","level":"error"}
{"message":"Request Error /favicon.ico - next is not a function","level":"error"}
{"message":"Request Error /favicon.ico - next is not a function","level":"error"}
{"message":"Request Error /favicon.ico - next is not a function","level":"error"}
{"message":"Request Error /favicon.ico - next is not a function","level":"error"}
{"message":"Request Error /hello - next is not a function","level":"error"}
{"message":"Request Error /hello - next is not a function","level":"error"}
{"message":"Request Error /hello - next is not a function","level":"error"}
{"message":"Request Error /hello - next is not a function","level":"error"}
{"message":"Request Error /favicon.ico - next is not a function","level":"error"}
{"message":"Request Error /favicon.ico - next is not a function","level":"error"}
{"message":"Request Error /favicon.ico - next is not a function","level":"error"}
{"message":"Request Error /favicon.ico - next is not a function","level":"error"}
{"message":"Request Error /favicon.ico - next is not a function","level":"error"}
{"message":"Request Error /hello - next is not a function","level":"error"}
{"message":"Request Error /hello - next is not a function","level":"error"}
{"message":"Request Error /hello - next is not a function","level":"error"}
{"message":"Request Error /hello - next is not a function","level":"error"}
{"message":"Request Error /hello - next is not a function","level":"error"}
{"message":"Request Error /hello - next is not a function","level":"error"}
{"message":"Request Error /hello - next is not a function","level":"error"}
{"message":"Request Error /hello - next is not a function","level":"error"}
{"message":"Request Error /hello - next is not a function","level":"error"}
{"message":"Request Error /hello - next is not a function","level":"error"}
{"message":"Request Error /hello - next is not a function","level":"error"}
{"message":"Request Error /hello - next is not a function","level":"error"}
{"message":"Request Error /hello - next is not a function","level":"error"}
{"message":"Request Error /hello - next is not a function","level":"error"}
{"message":"Request Error /hello - next is not a function","level":"error"}
{"message":"Request Error /hello - next is not a function","level":"error"}
{"message":"Request Error /hello/hello - next is not a function","level":"error"}
{"message":"Request Error /hello/hello - next is not a function","level":"error"}
{"message":"Request Error /hello/hello - next is not a function","level":"error"}
{"message":"Request Error / - next is not a function","level":"error"}
{"message":"Request Error / - next is not a function","level":"error"}
{"message":"Request Error /favicon.ico - next is not a function","level":"error"}
{"message":"Request Error /favicon.ico - next is not a function","level":"error"}
{"message":"Request Error /favicon.ico - next is not a function","level":"error"}
{"message":"Request Error /favicon.ico - next is not a function","level":"error"}
{"message":"Request Error /favicon.ico - next is not a function","level":"error"}
{"message":"Request Error /favicon.ico - next is not a function","level":"error"}
{"message":"Request Error /favicon.ico - next is not a function","level":"error"}
{"message":"Request Error /favicon.ico - next is not a function","level":"error"}
{"message":"Request Error /favicon.ico - next is not a function","level":"error"}
{"message":"Request Error /favicon.ico - next is not a function","level":"error"}
{"message":"Request Error /favicon.ico - next is not a function","level":"error"}
{"message":"Request Error /favicon.ico - next is not a function","level":"error"}
{"message":"Request Error /favicon.ico - next is not a function","level":"error"}
{"message":"Request Error /favicon.ico - next is not a function","level":"error"}
{"message":"Request Error /favicon.ico - next is not a function","level":"error"}
{"message":"Request Error /favicon.ico - next is not a function","level":"error"}
{"message":"Request Error /favicon.ico - next is not a function","level":"error"}
{"message":"Request Error /favicon.ico - next is not a function","level":"error"}
{"message":"Request Error /favicon.ico - next is not a function","level":"error"}
{"message":"Request Error /favicon.ico - next is not a function","level":"error"}
{"message":"Request Error /favicon.ico - next is not a function","level":"error"}
{"message":"Request Error /favicon.ico - next is not a function","level":"error"}
{"message":"Request Error /favicon.ico - next is not a function","level":"error"}
{"message":"Request Error /favicon.ico - next is not a function","level":"error"}
{"message":"Request Error /favicon.ico - next is not a function","level":"error"}
{"message":"Request Error /favicon.ico - next is not a function","level":"error"}
{"message":"Request Error /favicon.ico - next is not a function","level":"error"}
{"message":"Request Error /favicon.ico - next is not a function","level":"error"}
{"message":"Request Error /favicon.ico - next is not a function","level":"error"}
{"message":"Request Error /favicon.ico - next is not a function","level":"error"}
{"message":"Request Error /favicon.ico - next is not a function","level":"error"}
{"message":"Request Error /favicon.ico - next is not a function","level":"error"}
{"message":"Request Error /favicon.ico - next is not a function","level":"error"}
{"message":"Request Error /favicon.ico - next is not a function","level":"error"}
{"message":"Request Error /favicon.ico - next is not a function","level":"error"}
{"message":"Request Error /favicon.ico - next is not a function","level":"error"}
{"message":"Request Error /favicon.ico - next is not a function","level":"error"}
{"message":"Request Error / - next is not a function","level":"error"}
{"message":"Request Error /favicon.ico - next is not a function","level":"error"}
{"message":"Request Error /timeime - next is not a function","level":"error"}
{"message":"Request Error /timeimee - next is not a function","level":"error"}
{"message":"Request Error /favicon.ico - next is not a function","level":"error"}
{"message":"Request Error /favicon.ico - next is not a function","level":"error"}
{"message":"Request Error /favicon.ico - next is not a function","level":"error"}
{"message":"Request Error /favicon.ico - next is not a function","level":"error"}
{"message":"Request Error /favicon.ico - next is not a function","level":"error"}
{"message":"Request Error /favicon.ico - next is not a function","level":"error"}
{"message":"Request Error /favicon.ico - next is not a function","level":"error"}
{"message":"Request Error /favicon.ico - next is not a function","level":"error"}
{"message":"Request Error /favicon.ico - next is not a function","level":"error"}
{"message":"Request Error /favicon.ico - next is not a function","level":"error"}
{"message":"Request Error /favicon.ico - next is not a function","level":"error"}
{"message":"Request Error /favicon.ico - next is not a function","level":"error"}
{"message":"Request Error /favicon.ico - next is not a function","level":"error"}
{"message":"Request Error /favicon.ico - next is not a function","level":"error"}
{"message":"Request Error /favicon.ico - next is not a function","level":"error"}
{"message":"Request Error /favicon.ico - next is not a function","level":"error"}
{"message":"Request Error /favicon.ico - next is not a function","level":"error"}
{"message":"Request Error /favicon.ico - next is not a function","level":"error"}
{"message":"Request Error /favicon.ico - next is not a function","level":"error"}
{"message":"Request Error /favicon.ico - next is not a function","level":"error"}
{"message":"Request Error /favicon.ico - next is not a function","level":"error"}
{"message":"Request Error /favicon.ico - next is not a function","level":"error"}
{"message":"Request Error /favicon.ico - next is not a function","level":"error"}
{"message":"Request Error /favicon.ico - next is not a function","level":"error"}
{"message":"Request Error /favicon.ico - next is not a function","level":"error"}
{"message":"Request Error /favicon.ico - next is not a function","level":"error"}
{"message":"Request Error /favicon.ico - next is not a function","level":"error"}
{"message":"Request Error /favicon.ico - next is not a function","level":"error"}
{"message":"Request Error /favicon.ico - next is not a function","level":"error"}
{"message":"Request Error /favicon.ico - next is not a function","level":"error"}
{"message":"Request Error /favicon.ico - next is not a function","level":"error"}
{"message":"Request Error /favicon.ico - next is not a function","level":"error"}
{"message":"Request Error /favicon.ico - next is not a function","level":"error"}
{"message":"Request Error /favicon.ico - next is not a function","level":"error"}
{"message":"Request Error /favicon.ico - next is not a function","level":"error"}
{"message":"Request Error /favicon.ico - next is not a function","level":"error"}
{"message":"Request Error /favicon.ico - next is not a function","level":"error"}
{"message":"Request Error /favicon.ico - next is not a function","level":"error"}
{"message":"Request Error /favicon.ico - next is not a function","level":"error"}
{"message":"Request Error /favicon.ico - next is not a function","level":"error"}
{"message":"Request Error /favicon.ico - next is not a function","level":"error"}
{"message":"Request Error /favicon.ico - next is not a function","level":"error"}
{"message":"Request Error /favicon.ico - next is not a function","level":"error"}
{"message":"Request Error /favicon.ico - next is not a function","level":"error"}
{"message":"Request Error /favicon.ico - next is not a function","level":"error"}
{"message":"Request Error /favicon.ico - next is not a function","level":"error"}
{"message":"Request Error /favicon.ico - next is not a function","level":"error"}
{"message":"Request Error /favicon.ico - next is not a function","level":"error"}
{"message":"Request Error /favicon.ico - next is not a function","level":"error"}
{"message":"Request Error /favicon.ico - next is not a function","level":"error"}
{"message":"Request Error /favicon.ico - next is not a function","level":"error"}
{"message":"Request Error /favicon.ico - next is not a function","level":"error"}
{"message":"Request Error /favicon.ico - next is not a function","level":"error"}
{"message":"Request Error /favicon.ico - next is not a function","level":"error"}
{"message":"Request Error /favicon.ico - next is not a function","level":"error"}
{"message":"Request Error /favicon.ico - next is not a function","level":"error"}
{"message":"Request Error /favicon.ico - next is not a function","level":"error"}
{"message":"Request Error /favicon.ico - next is not a function","level":"error"}
{"message":"Request Error /favicon.ico - next is not a function","level":"error"}
{"message":"Request Error /favicon.ico - next is not a function","level":"error"}
{"message":"Request Error /favicon.ico - next is not a function","level":"error"}
{"message":"Request Error /favicon.ico - next is not a function","level":"error"}
{"message":"Request Error /favicon.ico - next is not a function","level":"error"}
{"message":"Request Error /favicon.ico - next is not a function","level":"error"}
{"message":"Request Error /time.json - next is not a function","level":"error"}
{"message":"Request Error /favicon.ico - next is not a function","level":"error"}
{"message":"Request Error /time.json - next is not a function","level":"error"}
{"message":"Request Error /favicon.ico - next is not a function","level":"error"}
{"message":"Request Error /favicon.ico - next is not a function","level":"error"}
{"message":"Request Error /favicon.ico - next is not a function","level":"error"}
{"message":"Request Error /favicon.ico - next is not a function","level":"error"}
{"message":"Request Error /favicon.ico - next is not a function","level":"error"}
{"message":"Request Error /favicon.ico - next is not a function","level":"error"}
{"message":"Request Error /favicon.ico - next is not a function","level":"error"}
{"message":"Request Error /favicon.ico - next is not a function","level":"error"}
{"message":"Request Error /station - next is not a function","level":"error"}
{"message":"Request Error /favicon.ico - next is not a function","level":"error"}
{"message":"Request Error /favicon.ico - next is not a function","level":"error"}
{"message":"Request Error /favicon.ico - next is not a function","level":"error"}
{"message":"Request Error /favicon.ico - next is not a function","level":"error"}
{"message":"Request Error /favicon.ico - next is not a function","level":"error"}
{"message":"Request Error /favicon.ico - next is not a function","level":"error"}
{"message":"Request Error /favicon.ico - next is not a function","level":"error"}
{"message":"Request Error /favicon.ico - next is not a function","level":"error"}
{"message":"Request Error /favicon.ico - next is not a function","level":"error"}
{"message":"Request Error /favicon.ico - next is not a function","level":"error"}
{"message":"Request Error /favicon.ico - next is not a function","level":"error"}
{"message":"Request Error /favicon.ico - next is not a function","level":"error"}
{"message":"Request Error /favicon.ico - next is not a function","level":"error"}
{"message":"Request Error /favicon.ico - next is not a function","level":"error"}
{"message":"Request Error /favicon.ico - next is not a function","level":"error"}
{"message":"Request Error /favicon.ico - next is not a function","level":"error"}
{"message":"Request Error /favicon.ico - next is not a function","level":"error"}
{"message":"Request Error /favicon.ico - next is not a function","level":"error"}
{"message":"Request Error /favicon.ico - next is not a function","level":"error"}
{"message":"Request Error /favicon.ico - next is not a function","level":"error"}
{"message":"Request Error /favicon.ico - next is not a function","level":"error"}
{"message":"Request Error /favicon.ico - next is not a function","level":"error"}
{"message":"Request Error /favicon.ico - next is not a function","level":"error"}
{"message":"Request Error /favicon.ico - next is not a function","level":"error"}
{"message":"Request Error /favicon.ico - next is not a function","level":"error"}
{"message":"Request Error /favicon.ico - next is not a function","level":"error"}
{"message":"Request Error /favicon.ico - next is not a function","level":"error"}
{"message":"Request Error /favicon.ico - next is not a function","level":"error"}
{"message":"Request Error /favicon.ico - next is not a function","level":"error"}
{"message":"Request Error /favicon.ico - next is not a function","level":"error"}
{"message":"Request Error /favicon.ico - next is not a function","level":"error"}
{"message":"Request Error /favicon.ico - next is not a function","level":"error"}
{"message":"Request Error /favicon.ico - next is not a function","level":"error"}
{"message":"Request Error /favicon.ico - next is not a function","level":"error"}
{"message":"Request Error /favicon.ico - next is not a function","level":"error"}
{"message":"Request Error /favicon.ico - next is not a function","level":"error"}
{"message":"Request Error /favicon.ico - next is not a function","level":"error"}
{"message":"Request Error /favicon.ico - next is not a function","level":"error"}
{"message":"Request Error /favicon.ico - next is not a function","level":"error"}
{"message":"Request Error /favicon.ico - next is not a function","level":"error"}
{"message":"Request Error /favicon.ico - next is not a function","level":"error"}
{"message":"Request Error /favicon.ico - next is not a function","level":"error"}
{"message":"Request Error /favicon.ico - next is not a function","level":"error"}
{"message":"Request Error /favicon.ico - next is not a function","level":"error"}
{"message":"Request Error /favicon.ico - next is not a function","level":"error"}
{"message":"Request Error /favicon.ico - next is not a function","level":"error"}
{"message":"Request Error /favicon.ico - next is not a function","level":"error"}
{"message":"Request Error /favicon.ico - next is not a function","level":"error"}
{"message":"Request Error /favicon.ico - next is not a function","level":"error"}
{"message":"Request Error /favicon.ico - next is not a function","level":"error"}
{"message":"Request Error /favicon.ico - next is not a function","level":"error"}
{"message":"Request Error /favicon.ico - next is not a function","level":"error"}
{"message":"Request Error /favicon.ico - next is not a function","level":"error"}
{"message":"Request Error /favicon.ico - next is not a function","level":"error"}
{"message":"Request Error /favicon.ico - next is not a function","level":"error"}
{"message":"Request Error /favicon.ico - next is not a function","level":"error"}
{"message":"Request Error /favicon.ico - next is not a function","level":"error"}
{"message":"Request Error /favicon.ico - next is not a function","level":"error"}
{"message":"Request Error /favicon.ico - next is not a function","level":"error"}
{"message":"Request Error /favicon.ico - next is not a function","level":"error"}
{"message":"Request Error /favicon.ico - next is not a function","level":"error"}
{"message":"Request Error /favicon.ico - next is not a function","level":"error"}
{"message":"Request Error /favicon.ico - next is not a function","level":"error"}
{"message":"Request Error /favicon.ico - next is not a function","level":"error"}
{"message":"Request Error /favicon.ico - next is not a function","level":"error"}
{"message":"Request Error /favicon.ico - next is not a function","level":"error"}
{"message":"Request Error /favicon.ico - next is not a function","level":"error"}
{"message":"Request Error /favicon.ico - next is not a function","level":"error"}
{"message":"Request Error /favicon.ico - next is not a function","level":"error"}
{"message":"Request Error /favicon.ico - next is not a function","level":"error"}
{"message":"Request Error /favicon.ico - next is not a function","level":"error"}
{"message":"Request Error /favicon.ico - next is not a function","level":"error"}
{"message":"Request Error /favicon.ico - next is not a function","level":"error"}
{"message":"Request Error /favicon.ico - next is not a function","level":"error"}
{"message":"Request Error /favicon.ico - next is not a function","level":"error"}
{"message":"Request Error /favicon.ico - next is not a function","level":"error"}
{"message":"Request Error /favicon.ico - next is not a function","level":"error"}
{"message":"Request Error /favicon.ico - next is not a function","level":"error"}
{"message":"Request Error /favicon.ico - next is not a function","level":"error"}
{"message":"Request Error /favicon.ico - next is not a function","level":"error"}
{"message":"Request Error /favicon.ico - next is not a function","level":"error"}
{"message":"Request Error /favicon.ico - next is not a function","level":"error"}
{"message":"Request Error /favicon.ico - next is not a function","level":"error"}
{"message":"Request Error /favicon.ico - next is not a function","level":"error"}
{"message":"Request Error /favicon.ico - next is not a function","level":"error"}
{"message":"Request Error /favicon.ico - next is not a function","level":"error"}
{"message":"Request Error /favicon.ico - next is not a function","level":"error"}
{"message":"Request Error /favicon.ico - next is not a function","level":"error"}
{"message":"Request Error /favicon.ico - next is not a function","level":"error"}
{"message":"Request Error /favicon.ico - next is not a function","level":"error"}
{"message":"Request Error /favicon.ico - next is not a function","level":"error"}
{"message":"Request Error /favicon.ico - next is not a function","level":"error"}
{"message":"Request Error /favicon.ico - next is not a function","level":"error"}
{"message":"Request Error /favicon.ico - next is not a function","level":"error"}
{"message":"Request Error /favicon.ico - next is not a function","level":"error"}
{"message":"Request Error /favicon.ico - next is not a function","level":"error"}
{"message":"Request Error /favicon.ico - next is not a function","level":"error"}
{"message":"Request Error /favicon.ico - next is not a function","level":"error"}
{"message":"Request Error /favicon.ico - next is not a function","level":"error"}
{"message":"Request Error /favicon.ico - next is not a function","level":"error"}
{"message":"Request Error /favicon.ico - next is not a function","level":"error"}
{"message":"Request Error /favicon.ico - next is not a function","level":"error"}
{"message":"Request Error /favicon.ico - next is not a function","level":"error"}
{"message":"Request Error /favicon.ico - next is not a function","level":"error"}
{"message":"Request Error /favicon.ico - next is not a function","level":"error"}
{"message":"Request Error /favicon.ico - next is not a function","level":"error"}
{"message":"Request Error /favicon.ico - next is not a function","level":"error"}
{"message":"Request Error /favicon.ico - next is not a function","level":"error"}
{"message":"Request Error /favicon.ico - next is not a function","level":"error"}
{"message":"Request Error /favicon.ico - next is not a function","level":"error"}
{"message":"Request Error /favicon.ico - next is not a function","level":"error"}
{"message":"Request Error /favicon.ico - next is not a function","level":"error"}
{"message":"Request Error /favicon.ico - next is not a function","level":"error"}
{"message":"Request Error /favicon.ico - next is not a function","level":"error"}
{"message":"Request Error /favicon.ico - next is not a function","level":"error"}
{"message":"Request Error /favicon.ico - next is not a function","level":"error"}
{"message":"Request Error /favicon.ico - next is not a function","level":"error"}
{"message":"Request Error /favicon.ico - next is not a function","level":"error"}
{"message":"Request Error /favicon.ico - next is not a function","level":"error"}
{"message":"Request Error /favicon.ico - next is not a function","level":"error"}
{"message":"Request Error /favicon.ico - next is not a function","level":"error"}
{"message":"Request Error /favicon.ico - next is not a function","level":"error"}
{"message":"Request Error /favicon.ico - next is not a function","level":"error"}
{"message":"Request Error /favicon.ico - next is not a function","level":"error"}
{"message":"Request Error /favicon.ico - next is not a function","level":"error"}
{"message":"Request Error /favicon.ico - next is not a function","level":"error"}
{"message":"Request Error /favicon.ico - next is not a function","level":"error"}
{"message":"Request Error /favicon.ico - next is not a function","level":"error"}
{"message":"Request Error /favicon.ico - next is not a function","level":"error"}
{"message":"Request Error /favicon.ico - next is not a function","level":"error"}
{"message":"Request Error /favicon.ico - next is not a function","level":"error"}
{"message":"Request Error /favicon.ico - next is not a function","level":"error"}
{"message":"Request Error /favicon.ico - next is not a function","level":"error"}
{"message":"Request Error /favicon.ico - next is not a function","level":"error"}
{"message":"Request Error /favicon.ico - next is not a function","level":"error"}
{"message":"Request Error /favicon.ico - next is not a function","level":"error"}
{"message":"Request Error /favicon.ico - next is not a function","level":"error"}
{"message":"Request Error /favicon.ico - next is not a function","level":"error"}
{"message":"Request Error /favicon.ico - next is not a function","level":"error"}
{"message":"Request Error /favicon.ico - next is not a function","level":"error"}
{"message":"Request Error /favicon.ico - next is not a function","level":"error"}
{"message":"Request Error /favicon.ico - next is not a function","level":"error"}
{"message":"Request Error /favicon.ico - next is not a function","level":"error"}
{"message":"Request Error /favicon.ico - next is not a function","level":"error"}
{"message":"Request Error /favicon.ico - next is not a function","level":"error"}
{"message":"Request Error /favicon.ico - next is not a function","level":"error"}
{"message":"Request Error /favicon.ico - next is not a function","level":"error"}
{"message":"Request Error /favicon.ico - next is not a function","level":"error"}
{"message":"Request Error /favicon.ico - next is not a function","level":"error"}
{"message":"Request Error /favicon.ico - next is not a function","level":"error"}
{"message":"Request Error /favicon.ico - next is not a function","level":"error"}
{"message":"Request Error /favicon.ico - next is not a function","level":"error"}
{"message":"Request Error /favicon.ico - next is not a function","level":"error"}
{"message":"Request Error /favicon.ico - next is not a function","level":"error"}
{"message":"Request Error /favicon.ico - next is not a function","level":"error"}
{"message":"Request Error /favicon.ico - next is not a function","level":"error"}
{"message":"Request Error /favicon.ico - next is not a function","level":"error"}
{"message":"Request Error /favicon.ico - next is not a function","level":"error"}
{"message":"Request Error /favicon.ico - next is not a function","level":"error"}
{"message":"Request Error /favicon.ico - next is not a function","level":"error"}
{"message":"Request Error /favicon.ico - next is not a function","level":"error"}
{"message":"Request Error /favicon.ico - next is not a function","level":"error"}
{"message":"Request Error /favicon.ico - next is not a function","level":"error"}
{"message":"Request Error /favicon.ico - next is not a function","level":"error"}
{"message":"Request Error /favicon.ico - next is not a function","level":"error"}
{"message":"Request Error /favicon.ico - next is not a function","level":"error"}
{"message":"Request Error /favicon.ico - next is not a function","level":"error"}
{"message":"Request Error /favicon.ico - next is not a function","level":"error"}
{"message":"Request Error /favicon.ico - next is not a function","level":"error"}
{"message":"Request Error /favicon.ico - next is not a function","level":"error"}
{"message":"Request Error /favicon.ico - next is not a function","level":"error"}
{"message":"Request Error /favicon.ico - next is not a function","level":"error"}
{"message":"Request Error /favicon.ico - next is not a function","level":"error"}
{"message":"Request Error /favicon.ico - next is not a function","level":"error"}
{"message":"Request Error /favicon.ico - next is not a function","level":"error"}
{"message":"Request Error /favicon.ico - next is not a function","level":"error"}
{"message":"Request Error /favicon.ico - next is not a function","level":"error"}
{"message":"Request Error /favicon.ico - next is not a function","level":"error"}
{"message":"Request Error /favicon.ico - next is not a function","level":"error"}
{"message":"Request Error /favicon.ico - next is not a function","level":"error"}
{"message":"Request Error /favicon.ico - next is not a function","level":"error"}
{"message":"Request Error /favicon.ico - next is not a function","level":"error"}
{"message":"Request Error /favicon.ico - next is not a function","level":"error"}
{"message":"Request Error /favicon.ico - next is not a function","level":"error"}
{"message":"Request Error /favicon.ico - next is not a function","level":"error"}
{"message":"Request Error /favicon.ico - next is not a function","level":"error"}
{"message":"Request Error /favicon.ico - next is not a function","level":"error"}
{"message":"Request Error /favicon.ico - next is not a function","level":"error"}
{"message":"Request Error /favicon.ico - next is not a function","level":"error"}
{"message":"Request Error /favicon.ico - next is not a function","level":"error"}
{"message":"Request Error /favicon.ico - next is not a function","level":"error"}
{"message":"Request Error /favicon.ico - next is not a function","level":"error"}
{"message":"Request Error /favicon.ico - next is not a function","level":"error"}
{"message":"Request Error /favicon.ico - next is not a function","level":"error"}
{"message":"Request Error /favicon.ico - next is not a function","level":"error"}
{"message":"Request Error /favicon.ico - next is not a function","level":"error"}
{"message":"Request Error /favicon.ico - next is not a function","level":"error"}
{"message":"Request Error /favicon.ico - next is not a function","level":"error"}
{"message":"Request Error /favicon.ico - next is not a function","level":"error"}
{"message":"Request Error /favicon.ico - next is not a function","level":"error"}
{"message":"Request Error /favicon.ico - next is not a function","level":"error"}
{"message":"Request Error /favicon.ico - next is not a function","level":"error"}
{"message":"Request Error /favicon.ico - next is not a function","level":"error"}
{"message":"Request Error /favicon.ico - next is not a function","level":"error"}
{"message":"Request Error /favicon.ico - next is not a function","level":"error"}
{"message":"Request Error /favicon.ico - next is not a function","level":"error"}
{"message":"Request Error /favicon.ico - next is not a function","level":"error"}
{"message":"Request Error /favicon.ico - next is not a function","level":"error"}
{"message":"Request Error /favicon.ico - next is not a function","level":"error"}
{"message":"Request Error /favicon.ico - next is not a function","level":"error"}
{"message":"Request Error /favicon.ico - next is not a function","level":"error"}
{"message":"Request Error /favicon.ico - next is not a function","level":"error"}
{"message":"Request Error /favicon.ico - next is not a function","level":"error"}
{"message":"Request Error /favicon.ico - next is not a function","level":"error"}
{"message":"Request Error /favicon.ico - next is not a function","level":"error"}
{"message":"Request Error /favicon.ico - next is not a function","level":"error"}
{"message":"Request Error /favicon.ico - next is not a function","level":"error"}
{"message":"Request Error /favicon.ico - next is not a function","level":"error"}
{"message":"Request Error /favicon.ico - next is not a function","level":"error"}
{"message":"Request Error /favicon.ico - next is not a function","level":"error"}
{"message":"Request Error /favicon.ico - next is not a function","level":"error"}
{"message":"Request Error /favicon.ico - next is not a function","level":"error"}
{"message":"Request Error /favicon.ico - next is not a function","level":"error"}
{"message":"Request Error /favicon.ico - next is not a function","level":"error"}
{"message":"Request Error /favicon.ico - next is not a function","level":"error"}
{"message":"Request Error /favicon.ico - next is not a function","level":"error"}
{"message":"Request Error /favicon.ico - next is not a function","level":"error"}
{"message":"Request Error /boundstations - next is not a function","level":"error"}
{"message":"Request Error /favicon.ico - next is not a function","level":"error"}
{"message":"Request Error /favicon.ico - next is not a function","level":"error"}
{"message":"Request Error /favicon.ico - next is not a function","level":"error"}
{"message":"Request Error /favicon.ico - next is not a function","level":"error"}
{"message":"Request Error /favicon.ico - next is not a function","level":"error"}
{"message":"Request Error /favicon.ico - next is not a function","level":"error"}
{"message":"Request Error /favicon.ico - next is not a function","level":"error"}
{"message":"Request Error /favicon.ico - next is not a function","level":"error"}
{"message":"Request Error /favicon.ico - next is not a function","level":"error"}
{"message":"Request Error /favicon.ico - next is not a function","level":"error"}
{"message":"Request Error /favicon.ico - next is not a function","level":"error"}
{"message":"Request Error /favicon.ico - next is not a function","level":"error"}
{"message":"Request Error /favicon.ico - next is not a function","level":"error"}
{"message":"Request Error /favicon.ico - next is not a function","level":"error"}
{"message":"Request Error /favicon.ico - next is not a function","level":"error"}
{"message":"Request Error /favicon.ico - next is not a function","level":"error"}
{"message":"Request Error /favicon.ico - next is not a function","level":"error"}
{"message":"Request Error /favicon.ico - next is not a function","level":"error"}
{"message":"Request Error /favicon.ico - next is not a function","level":"error"}
{"message":"Request Error /favicon.ico - next is not a function","level":"error"}
{"message":"Request Error /favicon.ico - next is not a function","level":"error"}
{"message":"Request Error /favicon.ico - next is not a function","level":"error"}
{"message":"Request Error /favicon.ico - next is not a function","level":"error"}
{"message":"Request Error /favicon.ico - next is not a function","level":"error"}
{"message":"Request Error /favicon.ico - next is not a function","level":"error"}
{"message":"Request Error /favicon.ico - next is not a function","level":"error"}
{"message":"Request Error /favicon.ico - next is not a function","level":"error"}
{"message":"Request Error /favicon.ico - next is not a function","level":"error"}
{"message":"Request Error /favicon.ico - next is not a function","level":"error"}
{"message":"Request Error /favicon.ico - next is not a function","level":"error"}
{"message":"Request Error /favicon.ico - next is not a function","level":"error"}
{"message":"Request Error /favicon.ico - next is not a function","level":"error"}
{"message":"Request Error /favicon.ico - next is not a function","level":"error"}
{"message":"Request Error /favicon.ico - next is not a function","level":"error"}
{"message":"Request Error /favicon.ico - next is not a function","level":"error"}
{"message":"Request Error /pstations - next is not a function","level":"error"}
{"message":"Request Error /pbounds - next is not a function","level":"error"}
{"message":"Request Error /pbounds - next is not a function","level":"error"}
{"message":"Request Error /pbounds - next is not a function","level":"error"}
{"message":"Request Error /pbounds - next is not a function","level":"error"}
{"message":"Request Error /favicon.ico - next is not a function","level":"error"}
{"message":"Request Error /favicon.ico - next is not a function","level":"error"}
{"message":"Request Error /favicon.ico - next is not a function","level":"error"}
{"message":"Request Error /favicon.ico - next is not a function","level":"error"}
{"message":"Request Error /favicon.ico - next is not a function","level":"error"}
{"message":"Request Error /favicon.ico - next is not a function","level":"error"}
{"message":"Request Error /favicon.ico - next is not a function","level":"error"}
{"message":"Request Error /favicon.ico - next is not a function","level":"error"}
{"message":"Request Error /favicon.ico - next is not a function","level":"error"}
{"message":"Request Error /favicon.ico - next is not a function","level":"error"}
{"message":"Request Error /favicon.ico - next is not a function","level":"error"}
{"message":"Request Error /favicon.ico - next is not a function","level":"error"}
{"message":"Request Error /favicon.ico - next is not a function","level":"error"}
{"message":"Request Error /favicon.ico - next is not a function","level":"error"}
{"message":"Request Error /favicon.ico - next is not a function","level":"error"}
{"message":"Request Error /favicon.ico - next is not a function","level":"error"}
{"message":"Request Error /favicon.ico - next is not a function","level":"error"}
{"message":"Request Error /favicon.ico - next is not a function","level":"error"}
{"message":"Request Error /favicon.ico - next is not a function","level":"error"}
{"message":"Request Error /favicon.ico - next is not a function","level":"error"}
{"message":"Request Error /favicon.ico - next is not a function","level":"error"}
{"message":"Request Error /favicon.ico - next is not a function","level":"error"}
{"message":"Request Error /favicon.ico - next is not a function","level":"error"}
{"message":"Request Error /favicon.ico - next is not a function","level":"error"}
{"message":"Request Error /favicon.ico - next is not a function","level":"error"}
{"message":"Request Error /favicon.ico - next is not a function","level":"error"}
{"message":"Request Error /favicon.ico - next is not a function","level":"error"}
{"message":"Request Error /favicon.ico - next is not a function","level":"error"}
{"message":"Request Error /favicon.ico - next is not a function","level":"error"}
{"message":"Request Error /stations - next is not a function","level":"error"}
{"message":"Request Error /stations - next is not a function","level":"error"}
{"message":"Request Error /favicon.ico - next is not a function","level":"error"}
{"message":"Request Error /favicon.ico - next is not a function","level":"error"}
{"message":"Request Error /favicon.ico - next is not a function","level":"error"}
{"message":"Request Error /stations - next is not a function","level":"error"}
{"message":"Request Error /stations - next is not a function","level":"error"}
{"message":"Request Error /allbounds - next is not a function","level":"error"}
{"message":"Request Error /favicon.ico - next is not a function","level":"error"}
{"message":"Request Error /favicon.ico - next is not a function","level":"error"}
{"message":"Request Error /favicon.ico - next is not a function","level":"error"}
{"message":"Request Error /stations - next is not a function","level":"error"}
{"message":"Request Error /stations/12345/6789 - next is not a function","level":"error"}
{"message":"Request Error /stations/:12345/:6789 - next is not a function","level":"error"}
{"message":"Request Error /stations/:12345/:6789 - next is not a function","level":"error"}
{"message":"Request Error /favicon.ico - next is not a function","level":"error"}
{"message":"Request Error /favicon.ico - next is not a function","level":"error"}
{"message":"Request Error /favicon.ico - next is not a function","level":"error"}
{"message":"Request Error /favicon.ico - next is not a function","level":"error"}
{"message":"Request Error /favicon.ico - next is not a function","level":"error"}
{"message":"Request Error /favicon.ico - next is not a function","level":"error"}
{"message":"Request Error /favicon.ico - next is not a function","level":"error"}
{"message":"Request Error /favicon.ico - next is not a function","level":"error"}
{"message":"Request Error /favicon.ico - next is not a function","level":"error"}
{"message":"Request Error /favicon.ico - next is not a function","level":"error"}
{"message":"Request Error /favicon.ico - next is not a function","level":"error"}
{"message":"Request Error /favicon.ico - next is not a function","level":"error"}
{"message":"Request Error /favicon.ico - next is not a function","level":"error"}
{"message":"Request Error /favicon.ico - next is not a function","level":"error"}
{"message":"Request Error /favicon.ico - next is not a function","level":"error"}
{"message":"Request Error /favicon.ico - next is not a function","level":"error"}
{"message":"Request Error /favicon.ico - next is not a function","level":"error"}
{"message":"Request Error /favicon.ico - next is not a function","level":"error"}
{"message":"Request Error /favicon.ico - next is not a function","level":"error"}
{"message":"Request Error /favicon.ico - next is not a function","level":"error"}
{"message":"Request Error /favicon.ico - next is not a function","level":"error"}
{"message":"Request Error /favicon.ico - next is not a function","level":"error"}
{"message":"Request Error /favicon.ico - next is not a function","level":"error"}
{"message":"Request Error /favicon.ico - next is not a function","level":"error"}
{"message":"Request Error /favicon.ico - next is not a function","level":"error"}
{"message":"Request Error /boundaries - next is not a function","level":"error"}
{"message":"Request Error /favicon.ico - next is not a function","level":"error"}
{"message":"Request Error /stations - next is not a function","level":"error"}
{"message":"Request Error /favicon.ico - next is not a function","level":"error"}
{"message":"Request Error /favicon.ico - next is not a function","level":"error"}
{"message":"Request Error /favicon.ico - next is not a function","level":"error"}
{"message":"Request Error /favicon.ico - next is not a function","level":"error"}
{"message":"Request Error /favicon.ico - next is not a function","level":"error"}
{"message":"Request Error /favicon.ico - next is not a function","level":"error"}
{"message":"Request Error /favicon.ico - next is not a function","level":"error"}
{"message":"Request Error /favicon.ico - next is not a function","level":"error"}
{"message":"Request Error /favicon.ico - next is not a function","level":"error"}
{"message":"Request Error /favicon.ico - next is not a function","level":"error"}
{"message":"Request Error /favicon.ico - next is not a function","level":"error"}
{"message":"Request Error /favicon.ico - next is not a function","level":"error"}
{"message":"Request Error /favicon.ico - next is not a function","level":"error"}
{"message":"Request Error /favicon.ico - next is not a function","level":"error"}
{"message":"Request Error /favicon.ico - next is not a function","level":"error"}
{"message":"Request Error /favicon.ico - next is not a function","level":"error"}
{"message":"Request Error /favicon.ico - next is not a function","level":"error"}
{"message":"Request Error /favicon.ico - next is not a function","level":"error"}
{"message":"Request Error /favicon.ico - next is not a function","level":"error"}
{"message":"Request Error /favicon.ico - next is not a function","level":"error"}
{"message":"Request Error /favicon.ico - next is not a function","level":"error"}
{"message":"Request Error /favicon.ico - next is not a function","level":"error"}
{"message":"Request Error /favicon.ico - next is not a function","level":"error"}
{"message":"Request Error /favicon.ico - next is not a function","level":"error"}
{"message":"Request Error /favicon.ico - next is not a function","level":"error"}
{"message":"Request Error /favicon.ico - next is not a function","level":"error"}
{"message":"Request Error /favicon.ico - next is not a function","level":"error"}
{"message":"Request Error /favicon.ico - next is not a function","level":"error"}
{"message":"Request Error /favicon.ico - next is not a function","level":"error"}
{"message":"Request Error /favicon.ico - next is not a function","level":"error"}
{"message":"Request Error /favicon.ico - next is not a function","level":"error"}
{"message":"Request Error /favicon.ico - next is not a function","level":"error"}
{"message":"Request Error /80.573431/16.497961 - next is not a function","level":"error"}
{"message":"Request Error /favicon.ico - next is not a function","level":"error"}
{"message":"Request Error /favicon.ico - next is not a function","level":"error"}
{"message":"Request Error /favicon.ico - next is not a function","level":"error"}
{"message":"Request Error /favicon.ico - next is not a function","level":"error"}
{"message":"Request Error /stations - next is not a function","level":"error"}
{"message":"Request Error /stations - next is not a function","level":"error"}
{"message":"Request Error /stations - next is not a function","level":"error"}
{"message":"Request Error /stations - next is not a function","level":"error"}
{"message":"Request Error /favicon.ico - next is not a function","level":"error"}
{"message":"Request Error /favicon.ico - next is not a function","level":"error"}
{"message":"Request Error /favicon.ico - next is not a function","level":"error"}
{"message":"Request Error /favicon.ico - next is not a function","level":"error"}
{"message":"Request Error /stations - next is not a function","level":"error"}
{"message":"Request Error /stations - next is not a function","level":"error"}
{"message":"Request Error /favicon.ico - next is not a function","level":"error"}
{"message":"Request Error /favicon.ico - next is not a function","level":"error"}
{"message":"Request Error /favicon.ico - next is not a function","level":"error"}
{"message":"Request Error /favicon.ico - next is not a function","level":"error"}
{"message":"Request Error /favicon.ico - next is not a function","level":"error"}
{"message":"Request Error /favicon.ico - next is not a function","level":"error"}
{"message":"Request Error /favicon.ico - next is not a function","level":"error"}
{"message":"Request Error /favicon.ico - next is not a function","level":"error"}
{"message":"Request Error /favicon.ico - next is not a function","level":"error"}
{"message":"Request Error /favicon.ico - next is not a function","level":"error"}
{"message":"Request Error /favicon.ico - next is not a function","level":"error"}
{"message":"Request Error /favicon.ico - next is not a function","level":"error"}
{"message":"Request Error /favicon.ico - next is not a function","level":"error"}
{"message":"Request Error /favicon.ico - next is not a function","level":"error"}
{"message":"Request Error /favicon.ico - next is not a function","level":"error"}
{"message":"Request Error /favicon.ico - next is not a function","level":"error"}
{"message":"Request Error /favicon.ico - next is not a function","level":"error"}
{"message":"Request Error /favicon.ico - next is not a function","level":"error"}
